ioman_IMPORTS_start
I_AddDrv
I_DelDrv
ioman_IMPORTS_end

ps2ip_IMPORTS_start
I_lwip_recv
I_lwip_send
I_lwip_close
I_lwip_fcntl
I_lwip_freeaddrinfo
I_lwip_getaddrinfo
I_lwip_getsockopt
I_lwip_shutdown
I_lwip_socket
I_lwip_connect
I_lwip_select
I_inet_addr
I_lwip_setsockopt
I_lwip_bind
I_lwip_accept
I_lwip_listen
ps2ip_IMPORTS_end

intrman_IMPORTS_start
I_CpuSuspendIntr
I_CpuResumeIntr
intrman_IMPORTS_end

sifman_IMPORTS_start
I_sceSifSetDma
I_sceSifDmaStat
sifman_IMPORTS_end

thbase_IMPORTS_start
I_DelayThread
I_CreateThread
I_StartThread
I_DeleteThread
I_USec2SysClock
I_SysClock2USec
I_SetAlarm
I_iSetAlarm
I_CancelAlarm
I_GetSystemTime
thbase_IMPORTS_end

sysmem_IMPORTS_start
I_AllocSysMemory
I_FreeSysMemory
sysmem_IMPORTS_end

thsemap_IMPORTS_start
I_CreateSema
I_WaitSema
I_SignalSema
I_iSignalSema
I_DeleteSema
thsemap_IMPORTS_end

sysclib_IMPORTS_start
I_look_ctype_table
I_memset
I_memcpy
I_memcmp
I_memmove
I_strcpy
I_strcat
I_strchr
I_strrchr
I_strncmp
I_strncpy
I_strcmp
I_strlen
I_strtol
I_sprintf
I_toupper
sysclib_IMPORTS_end

stdio_IMPORTS_start
I_printf
I_putchar
I_puts
stdio_IMPORTS_end
